<?xml version="1.0" encoding="UTF-8"?>
<!-- Generated by org.testng.reporters.JUnitReportReporter -->
<testsuite skipped="0" hostname="DESKTOP-N02OMTI" name="MyRunner.TestRunner" tests="2" failures="0" timestamp="04 May 2020 02:27:19 GMT" time="41.732" errors="0">
  <testcase name="feature" time="14.437" classname="MyRunner.TestRunner"/>
  <testcase name="feature" time="27.295" classname="MyRunner.TestRunner"/>
</testsuite> <!-- MyRunner.TestRunner -->
